android/app/build/intermediates/manifest_merge_blame_file/debug/manifest-merger-blame-debug-report.txt
1<?xml version="1.0" encoding="utf-8"?>
2<manifest xmlns:android="http://schemas.android.com/apk/res/android"
3    package="com.azc.ydsapp"
4    android:versionCode="1"
5    android:versionName="1.0.0" >
6
7    <uses-sdk
8        android:minSdkVersion="21"
9        android:targetSdkVersion="34" />
10    <!--
11         The INTERNET permission is required for development. Specifically,
12         the Flutter tool needs it to communicate with the running application
13         to allow setting breakpoints, to provide hot reload, etc.
14    -->
15    <uses-permission android:name="android.permission.INTERNET" />
15-->src\debug\AndroidManifest.xml:6:5-66
15-->src\debug\AndroidManifest.xml:6:22-64
16    <uses-permission android:name="android.permission.ACCESS_NETWORK_STATE" />
16-->[com.google.android.gms:play-services-ads-lite:22.5.0] AndroidManifest.xml:25:5-79
16-->[com.google.android.gms:play-services-ads-lite:22.5.0] AndroidManifest.xml:25:22-76
17    <uses-permission android:name="com.google.android.gms.permission.AD_ID" />
17-->[com.google.android.gms:play-services-ads-lite:22.5.0] AndroidManifest.xml:26:5-79
17-->[com.google.android.gms:play-services-ads-lite:22.5.0] AndroidManifest.xml:26:22-76
18    <uses-permission android:name="android.permission.ACCESS_ADSERVICES_AD_ID" />
18-->[com.google.android.gms:play-services-ads-lite:22.5.0] AndroidManifest.xml:27:5-82
18-->[com.google.android.gms:play-services-ads-lite:22.5.0] AndroidManifest.xml:27:22-79
19    <uses-permission android:name="android.permission.ACCESS_ADSERVICES_ATTRIBUTION" />
19-->[com.google.android.gms:play-services-ads-lite:22.5.0] AndroidManifest.xml:28:5-88
19-->[com.google.android.gms:play-services-ads-lite:22.5.0] AndroidManifest.xml:28:22-85
20    <uses-permission android:name="android.permission.ACCESS_ADSERVICES_TOPICS" /> <!-- Android package visibility setting -->
20-->[com.google.android.gms:play-services-ads-lite:22.5.0] AndroidManifest.xml:29:5-83
20-->[com.google.android.gms:play-services-ads-lite:22.5.0] AndroidManifest.xml:29:22-80
21    <queries>
21-->[com.google.android.gms:play-services-ads-lite:22.5.0] AndroidManifest.xml:35:5-51:15
22
23        <!-- For browser content -->
24        <intent>
24-->[com.google.android.gms:play-services-ads-lite:22.5.0] AndroidManifest.xml:38:9-44:18
25            <action android:name="android.intent.action.VIEW" />
25-->[com.google.android.gms:play-services-ads-lite:22.5.0] AndroidManifest.xml:39:13-65
25-->[com.google.android.gms:play-services-ads-lite:22.5.0] AndroidManifest.xml:39:21-62
26
27            <category android:name="android.intent.category.BROWSABLE" />
27-->[com.google.android.gms:play-services-ads-lite:22.5.0] AndroidManifest.xml:41:13-74
27-->[com.google.android.gms:play-services-ads-lite:22.5.0] AndroidManifest.xml:41:23-71
28
29            <data android:scheme="https" />
29-->[com.google.android.gms:play-services-ads-lite:22.5.0] AndroidManifest.xml:43:13-44
29-->[com.google.android.gms:play-services-ads-lite:22.5.0] AndroidManifest.xml:43:19-41
30        </intent>
31        <!-- End of browser content -->
32        <!-- For CustomTabsService -->
33        <intent>
33-->[com.google.android.gms:play-services-ads-lite:22.5.0] AndroidManifest.xml:47:9-49:18
34            <action android:name="android.support.customtabs.action.CustomTabsService" />
34-->[com.google.android.gms:play-services-ads-lite:22.5.0] AndroidManifest.xml:48:13-90
34-->[com.google.android.gms:play-services-ads-lite:22.5.0] AndroidManifest.xml:48:21-87
35        </intent>
36        <!-- End of CustomTabsService -->
37    </queries>
38
39    <uses-permission android:name="android.permission.WAKE_LOCK" />
39-->[com.google.android.gms:play-services-measurement-sdk-api:20.1.2] AndroidManifest.xml:25:5-68
39-->[com.google.android.gms:play-services-measurement-sdk-api:20.1.2] AndroidManifest.xml:25:22-65
40    <uses-permission android:name="android.permission.FOREGROUND_SERVICE" />
40-->[androidx.work:work-runtime:2.7.0] AndroidManifest.xml:28:5-77
40-->[androidx.work:work-runtime:2.7.0] AndroidManifest.xml:28:22-74
41
42    <permission
42-->[androidx.core:core:1.13.1] AndroidManifest.xml:22:5-24:47
43        android:name="com.azc.ydsapp.DYNAMIC_RECEIVER_NOT_EXPORTED_PERMISSION"
43-->[androidx.core:core:1.13.1] AndroidManifest.xml:23:9-81
44        android:protectionLevel="signature" />
44-->[androidx.core:core:1.13.1] AndroidManifest.xml:24:9-44
45
46    <uses-permission android:name="com.azc.ydsapp.DYNAMIC_RECEIVER_NOT_EXPORTED_PERMISSION" />
46-->[androidx.core:core:1.13.1] AndroidManifest.xml:26:5-97
46-->[androidx.core:core:1.13.1] AndroidManifest.xml:26:22-94
47
48    <application
49        android:name="android.app.Application"
50        android:appComponentFactory="androidx.core.app.CoreComponentFactory"
50-->[androidx.core:core:1.13.1] AndroidManifest.xml:28:18-86
51        android:debuggable="true"
52        android:extractNativeLibs="true"
53        android:icon="@mipmap/ic_launcher"
54        android:label="YDS App" >
55        <meta-data
56            android:name="com.google.android.gms.ads.APPLICATION_ID"
57            android:value="ca-app-pub-3940256099942544~3347511713" />
58
59        <activity
60            android:name="com.azc.ydsapp.MainActivity"
61            android:configChanges="orientation|keyboardHidden|keyboard|screenSize|smallestScreenSize|locale|layoutDirection|fontScale|screenLayout|density|uiMode"
62            android:exported="true"
63            android:hardwareAccelerated="true"
64            android:launchMode="singleTop"
65            android:theme="@style/LaunchTheme"
66            android:windowSoftInputMode="adjustResize" >
67            <meta-data
68                android:name="io.flutter.embedding.android.NormalTheme"
69                android:resource="@style/NormalTheme" />
70
71            <intent-filter>
72                <action android:name="android.intent.action.MAIN" />
73
74                <category android:name="android.intent.category.LAUNCHER" />
75            </intent-filter>
76        </activity>
77
78        <meta-data
79            android:name="flutterEmbedding"
80            android:value="2" />
81        <meta-data
81-->[:google_mobile_ads] AndroidManifest.xml:10:9-12:36
82            android:name="io.flutter.embedded_views_preview"
82-->[:google_mobile_ads] AndroidManifest.xml:11:13-61
83            android:value="true" /> <!-- Include the AdActivity and InAppPurchaseActivity configChanges and themes. -->
83-->[:google_mobile_ads] AndroidManifest.xml:12:13-33
84        <activity
84-->[com.google.android.gms:play-services-ads-lite:22.5.0] AndroidManifest.xml:56:9-61:43
85            android:name="com.google.android.gms.ads.AdActivity"
85-->[com.google.android.gms:play-services-ads-lite:22.5.0] AndroidManifest.xml:57:13-65
86            android:configChanges="keyboard|keyboardHidden|orientation|screenLayout|uiMode|screenSize|smallestScreenSize"
86-->[com.google.android.gms:play-services-ads-lite:22.5.0] AndroidManifest.xml:58:13-122
87            android:exported="false"
87-->[com.google.android.gms:play-services-ads-lite:22.5.0] AndroidManifest.xml:59:13-37
88            android:theme="@android:style/Theme.Translucent" />
88-->[com.google.android.gms:play-services-ads-lite:22.5.0] AndroidManifest.xml:60:13-61
89
90        <provider
90-->[com.google.android.gms:play-services-ads-lite:22.5.0] AndroidManifest.xml:63:9-68:43
91            android:name="com.google.android.gms.ads.MobileAdsInitProvider"
91-->[com.google.android.gms:play-services-ads-lite:22.5.0] AndroidManifest.xml:64:13-76
92            android:authorities="com.azc.ydsapp.mobileadsinitprovider"
92-->[com.google.android.gms:play-services-ads-lite:22.5.0] AndroidManifest.xml:65:13-73
93            android:exported="false"
93-->[com.google.android.gms:play-services-ads-lite:22.5.0] AndroidManifest.xml:66:13-37
94            android:initOrder="100" />
94-->[com.google.android.gms:play-services-ads-lite:22.5.0] AndroidManifest.xml:67:13-36
95
96        <service
96-->[com.google.android.gms:play-services-ads-lite:22.5.0] AndroidManifest.xml:70:9-74:43
97            android:name="com.google.android.gms.ads.AdService"
97-->[com.google.android.gms:play-services-ads-lite:22.5.0] AndroidManifest.xml:71:13-64
98            android:enabled="true"
98-->[com.google.android.gms:play-services-ads-lite:22.5.0] AndroidManifest.xml:72:13-35
99            android:exported="false" />
99-->[com.google.android.gms:play-services-ads-lite:22.5.0] AndroidManifest.xml:73:13-37
100
101        <activity
101-->[com.google.android.gms:play-services-ads-lite:22.5.0] AndroidManifest.xml:76:9-80:43
102            android:name="com.google.android.gms.ads.OutOfContextTestingActivity"
102-->[com.google.android.gms:play-services-ads-lite:22.5.0] AndroidManifest.xml:77:13-82
103            android:configChanges="keyboard|keyboardHidden|orientation|screenLayout|uiMode|screenSize|smallestScreenSize"
103-->[com.google.android.gms:play-services-ads-lite:22.5.0] AndroidManifest.xml:78:13-122
104            android:exported="false" />
104-->[com.google.android.gms:play-services-ads-lite:22.5.0] AndroidManifest.xml:79:13-37
105
106        <property
106-->[com.google.android.gms:play-services-ads-lite:22.5.0] AndroidManifest.xml:82:9-84:62
107            android:name="android.adservices.AD_SERVICES_CONFIG"
107-->[com.google.android.gms:play-services-ads-lite:22.5.0] AndroidManifest.xml:83:13-65
108            android:resource="@xml/gma_ad_services_config" />
108-->[com.google.android.gms:play-services-ads-lite:22.5.0] AndroidManifest.xml:84:13-59
109
110        <activity
110-->[com.google.android.gms:play-services-base:18.0.0] AndroidManifest.xml:20:9-22:45
111            android:name="com.google.android.gms.common.api.GoogleApiActivity"
111-->[com.google.android.gms:play-services-base:18.0.0] AndroidManifest.xml:20:19-85
112            android:exported="false"
112-->[com.google.android.gms:play-services-base:18.0.0] AndroidManifest.xml:22:19-43
113            android:theme="@android:style/Theme.Translucent.NoTitleBar" />
113-->[com.google.android.gms:play-services-base:18.0.0] AndroidManifest.xml:21:19-78
114
115        <meta-data
115-->[com.google.android.gms:play-services-basement:18.2.0] AndroidManifest.xml:21:9-23:69
116            android:name="com.google.android.gms.version"
116-->[com.google.android.gms:play-services-basement:18.2.0] AndroidManifest.xml:22:13-58
117            android:value="@integer/google_play_services_version" />
117-->[com.google.android.gms:play-services-basement:18.2.0] AndroidManifest.xml:23:13-66
118
119        <uses-library
119-->[androidx.window:window:1.2.0] AndroidManifest.xml:23:9-25:40
120            android:name="androidx.window.extensions"
120-->[androidx.window:window:1.2.0] AndroidManifest.xml:24:13-54
121            android:required="false" />
121-->[androidx.window:window:1.2.0] AndroidManifest.xml:25:13-37
122        <uses-library
122-->[androidx.window:window:1.2.0] AndroidManifest.xml:26:9-28:40
123            android:name="androidx.window.sidecar"
123-->[androidx.window:window:1.2.0] AndroidManifest.xml:27:13-51
124            android:required="false" />
124-->[androidx.window:window:1.2.0] AndroidManifest.xml:28:13-37
125
126        <provider
126-->[androidx.work:work-runtime:2.7.0] AndroidManifest.xml:31:9-39:20
127            android:name="androidx.startup.InitializationProvider"
127-->[androidx.work:work-runtime:2.7.0] AndroidManifest.xml:32:13-67
128            android:authorities="com.azc.ydsapp.androidx-startup"
128-->[androidx.work:work-runtime:2.7.0] AndroidManifest.xml:33:13-68
129            android:exported="false" >
129-->[androidx.work:work-runtime:2.7.0] AndroidManifest.xml:34:13-37
130            <meta-data
130-->[androidx.work:work-runtime:2.7.0] AndroidManifest.xml:36:13-38:52
131                android:name="androidx.work.WorkManagerInitializer"
131-->[androidx.work:work-runtime:2.7.0] AndroidManifest.xml:37:17-68
132                android:value="androidx.startup" />
132-->[androidx.work:work-runtime:2.7.0] AndroidManifest.xml:38:17-49
133            <meta-data
133-->[androidx.lifecycle:lifecycle-process:2.7.0] AndroidManifest.xml:29:13-31:52
134                android:name="androidx.lifecycle.ProcessLifecycleInitializer"
134-->[androidx.lifecycle:lifecycle-process:2.7.0] AndroidManifest.xml:30:17-78
135                android:value="androidx.startup" />
135-->[androidx.lifecycle:lifecycle-process:2.7.0] AndroidManifest.xml:31:17-49
136            <meta-data
136-->[androidx.profileinstaller:profileinstaller:1.3.1] AndroidManifest.xml:29:13-31:52
137                android:name="androidx.profileinstaller.ProfileInstallerInitializer"
137-->[androidx.profileinstaller:profileinstaller:1.3.1] AndroidManifest.xml:30:17-85
138                android:value="androidx.startup" />
138-->[androidx.profileinstaller:profileinstaller:1.3.1] AndroidManifest.xml:31:17-49
139        </provider>
140
141        <service
141-->[androidx.work:work-runtime:2.7.0] AndroidManifest.xml:41:9-46:35
142            android:name="androidx.work.impl.background.systemalarm.SystemAlarmService"
142-->[androidx.work:work-runtime:2.7.0] AndroidManifest.xml:42:13-88
143            android:directBootAware="false"
143-->[androidx.work:work-runtime:2.7.0] AndroidManifest.xml:43:13-44
144            android:enabled="@bool/enable_system_alarm_service_default"
144-->[androidx.work:work-runtime:2.7.0] AndroidManifest.xml:44:13-72
145            android:exported="false" />
145-->[androidx.work:work-runtime:2.7.0] AndroidManifest.xml:45:13-37
146        <service
146-->[androidx.work:work-runtime:2.7.0] AndroidManifest.xml:47:9-53:35
147            android:name="androidx.work.impl.background.systemjob.SystemJobService"
147-->[androidx.work:work-runtime:2.7.0] AndroidManifest.xml:48:13-84
148            android:directBootAware="false"
148-->[androidx.work:work-runtime:2.7.0] AndroidManifest.xml:49:13-44
149            android:enabled="@bool/enable_system_job_service_default"
149-->[androidx.work:work-runtime:2.7.0] AndroidManifest.xml:50:13-70
150            android:exported="true"
150-->[androidx.work:work-runtime:2.7.0] AndroidManifest.xml:51:13-36
151            android:permission="android.permission.BIND_JOB_SERVICE" />
151-->[androidx.work:work-runtime:2.7.0] AndroidManifest.xml:52:13-69
152        <service
152-->[androidx.work:work-runtime:2.7.0] AndroidManifest.xml:54:9-59:35
153            android:name="androidx.work.impl.foreground.SystemForegroundService"
153-->[androidx.work:work-runtime:2.7.0] AndroidManifest.xml:55:13-81
154            android:directBootAware="false"
154-->[androidx.work:work-runtime:2.7.0] AndroidManifest.xml:56:13-44
155            android:enabled="@bool/enable_system_foreground_service_default"
155-->[androidx.work:work-runtime:2.7.0] AndroidManifest.xml:57:13-77
156            android:exported="false" />
156-->[androidx.work:work-runtime:2.7.0] AndroidManifest.xml:58:13-37
157
158        <receiver
158-->[androidx.work:work-runtime:2.7.0] AndroidManifest.xml:61:9-66:35
159            android:name="androidx.work.impl.utils.ForceStopRunnable$BroadcastReceiver"
159-->[androidx.work:work-runtime:2.7.0] AndroidManifest.xml:62:13-88
160            android:directBootAware="false"
160-->[androidx.work:work-runtime:2.7.0] AndroidManifest.xml:63:13-44
161            android:enabled="true"
161-->[androidx.work:work-runtime:2.7.0] AndroidManifest.xml:64:13-35
162            android:exported="false" />
162-->[androidx.work:work-runtime:2.7.0] AndroidManifest.xml:65:13-37
163        <receiver
163-->[androidx.work:work-runtime:2.7.0] AndroidManifest.xml:67:9-77:20
164            android:name="androidx.work.impl.background.systemalarm.ConstraintProxy$BatteryChargingProxy"
164-->[androidx.work:work-runtime:2.7.0] AndroidManifest.xml:68:13-106
165            android:directBootAware="false"
165-->[androidx.work:work-runtime:2.7.0] AndroidManifest.xml:69:13-44
166            android:enabled="false"
166-->[androidx.work:work-runtime:2.7.0] AndroidManifest.xml:70:13-36
167            android:exported="false" >
167-->[androidx.work:work-runtime:2.7.0] AndroidManifest.xml:71:13-37
168            <intent-filter>
168-->[androidx.work:work-runtime:2.7.0] AndroidManifest.xml:73:13-76:29
169                <action android:name="android.intent.action.ACTION_POWER_CONNECTED" />
169-->[androidx.work:work-runtime:2.7.0] AndroidManifest.xml:74:17-87
169-->[androidx.work:work-runtime:2.7.0] AndroidManifest.xml:74:25-84
170                <action android:name="android.intent.action.ACTION_POWER_DISCONNECTED" />
170-->[androidx.work:work-runtime:2.7.0] AndroidManifest.xml:75:17-90
170-->[androidx.work:work-runtime:2.7.0] AndroidManifest.xml:75:25-87
171            </intent-filter>
172        </receiver>
173        <receiver
173-->[androidx.work:work-runtime:2.7.0] AndroidManifest.xml:78:9-88:20
174            android:name="androidx.work.impl.background.systemalarm.ConstraintProxy$BatteryNotLowProxy"
174-->[androidx.work:work-runtime:2.7.0] AndroidManifest.xml:79:13-104
175            android:directBootAware="false"
175-->[androidx.work:work-runtime:2.7.0] AndroidManifest.xml:80:13-44
176            android:enabled="false"
176-->[androidx.work:work-runtime:2.7.0] AndroidManifest.xml:81:13-36
177            android:exported="false" >
177-->[androidx.work:work-runtime:2.7.0] AndroidManifest.xml:82:13-37
178            <intent-filter>
178-->[androidx.work:work-runtime:2.7.0] AndroidManifest.xml:84:13-87:29
179                <action android:name="android.intent.action.BATTERY_OKAY" />
179-->[androidx.work:work-runtime:2.7.0] AndroidManifest.xml:85:17-77
179-->[androidx.work:work-runtime:2.7.0] AndroidManifest.xml:85:25-74
180                <action android:name="android.intent.action.BATTERY_LOW" />
180-->[androidx.work:work-runtime:2.7.0] AndroidManifest.xml:86:17-76
180-->[androidx.work:work-runtime:2.7.0] AndroidManifest.xml:86:25-73
181            </intent-filter>
182        </receiver>
183        <receiver
183-->[androidx.work:work-runtime:2.7.0] AndroidManifest.xml:89:9-99:20
184            android:name="androidx.work.impl.background.systemalarm.ConstraintProxy$StorageNotLowProxy"
184-->[androidx.work:work-runtime:2.7.0] AndroidManifest.xml:90:13-104
185            android:directBootAware="false"
185-->[androidx.work:work-runtime:2.7.0] AndroidManifest.xml:91:13-44
186            android:enabled="false"
186-->[androidx.work:work-runtime:2.7.0] AndroidManifest.xml:92:13-36
187            android:exported="false" >
187-->[androidx.work:work-runtime:2.7.0] AndroidManifest.xml:93:13-37
188            <intent-filter>
188-->[androidx.work:work-runtime:2.7.0] AndroidManifest.xml:95:13-98:29
189                <action android:name="android.intent.action.DEVICE_STORAGE_LOW" />
189-->[androidx.work:work-runtime:2.7.0] AndroidManifest.xml:96:17-83
189-->[androidx.work:work-runtime:2.7.0] AndroidManifest.xml:96:25-80
190                <action android:name="android.intent.action.DEVICE_STORAGE_OK" />
190-->[androidx.work:work-runtime:2.7.0] AndroidManifest.xml:97:17-82
190-->[androidx.work:work-runtime:2.7.0] AndroidManifest.xml:97:25-79
191            </intent-filter>
192        </receiver>
193        <receiver
193-->[androidx.work:work-runtime:2.7.0] AndroidManifest.xml:100:9-109:20
194            android:name="androidx.work.impl.background.systemalarm.ConstraintProxy$NetworkStateProxy"
194-->[androidx.work:work-runtime:2.7.0] AndroidManifest.xml:101:13-103
195            android:directBootAware="false"
195-->[androidx.work:work-runtime:2.7.0] AndroidManifest.xml:102:13-44
196            android:enabled="false"
196-->[androidx.work:work-runtime:2.7.0] AndroidManifest.xml:103:13-36
197            android:exported="false" >
197-->[androidx.work:work-runtime:2.7.0] AndroidManifest.xml:104:13-37
198            <intent-filter>
198-->[androidx.work:work-runtime:2.7.0] AndroidManifest.xml:106:13-108:29
199                <action android:name="android.net.conn.CONNECTIVITY_CHANGE" />
199-->[androidx.work:work-runtime:2.7.0] AndroidManifest.xml:107:17-79
199-->[androidx.work:work-runtime:2.7.0] AndroidManifest.xml:107:25-76
200            </intent-filter>
201        </receiver>
202        <receiver
202-->[androidx.work:work-runtime:2.7.0] AndroidManifest.xml:110:9-121:20
203            android:name="androidx.work.impl.background.systemalarm.RescheduleReceiver"
203-->[androidx.work:work-runtime:2.7.0] AndroidManifest.xml:111:13-88
204            android:directBootAware="false"
204-->[androidx.work:work-runtime:2.7.0] AndroidManifest.xml:112:13-44
205            android:enabled="false"
205-->[androidx.work:work-runtime:2.7.0] AndroidManifest.xml:113:13-36
206            android:exported="false" >
206-->[androidx.work:work-runtime:2.7.0] AndroidManifest.xml:114:13-37
207            <intent-filter>
207-->[androidx.work:work-runtime:2.7.0] AndroidManifest.xml:116:13-120:29
208                <action android:name="android.intent.action.BOOT_COMPLETED" />
208-->[androidx.work:work-runtime:2.7.0] AndroidManifest.xml:117:17-79
208-->[androidx.work:work-runtime:2.7.0] AndroidManifest.xml:117:25-76
209                <action android:name="android.intent.action.TIME_SET" />
209-->[androidx.work:work-runtime:2.7.0] AndroidManifest.xml:118:17-73
209-->[androidx.work:work-runtime:2.7.0] AndroidManifest.xml:118:25-70
210                <action android:name="android.intent.action.TIMEZONE_CHANGED" />
210-->[androidx.work:work-runtime:2.7.0] AndroidManifest.xml:119:17-81
210-->[androidx.work:work-runtime:2.7.0] AndroidManifest.xml:119:25-78
211            </intent-filter>
212        </receiver>
213        <receiver
213-->[androidx.work:work-runtime:2.7.0] AndroidManifest.xml:122:9-131:20
214            android:name="androidx.work.impl.background.systemalarm.ConstraintProxyUpdateReceiver"
214-->[androidx.work:work-runtime:2.7.0] AndroidManifest.xml:123:13-99
215            android:directBootAware="false"
215-->[androidx.work:work-runtime:2.7.0] AndroidManifest.xml:124:13-44
216            android:enabled="@bool/enable_system_alarm_service_default"
216-->[androidx.work:work-runtime:2.7.0] AndroidManifest.xml:125:13-72
217            android:exported="false" >
217-->[androidx.work:work-runtime:2.7.0] AndroidManifest.xml:126:13-37
218            <intent-filter>
218-->[androidx.work:work-runtime:2.7.0] AndroidManifest.xml:128:13-130:29
219                <action android:name="androidx.work.impl.background.systemalarm.UpdateProxies" />
219-->[androidx.work:work-runtime:2.7.0] AndroidManifest.xml:129:17-98
219-->[androidx.work:work-runtime:2.7.0] AndroidManifest.xml:129:25-95
220            </intent-filter>
221        </receiver>
222        <receiver
222-->[androidx.work:work-runtime:2.7.0] AndroidManifest.xml:132:9-142:20
223            android:name="androidx.work.impl.diagnostics.DiagnosticsReceiver"
223-->[androidx.work:work-runtime:2.7.0] AndroidManifest.xml:133:13-78
224            android:directBootAware="false"
224-->[androidx.work:work-runtime:2.7.0] AndroidManifest.xml:134:13-44
225            android:enabled="true"
225-->[androidx.work:work-runtime:2.7.0] AndroidManifest.xml:135:13-35
226            android:exported="true"
226-->[androidx.work:work-runtime:2.7.0] AndroidManifest.xml:136:13-36
227            android:permission="android.permission.DUMP" >
227-->[androidx.work:work-runtime:2.7.0] AndroidManifest.xml:137:13-57
228            <intent-filter>
228-->[androidx.work:work-runtime:2.7.0] AndroidManifest.xml:139:13-141:29
229                <action android:name="androidx.work.diagnostics.REQUEST_DIAGNOSTICS" />
229-->[androidx.work:work-runtime:2.7.0] AndroidManifest.xml:140:17-88
229-->[androidx.work:work-runtime:2.7.0] AndroidManifest.xml:140:25-85
230            </intent-filter>
231        </receiver>
232
233        <uses-library
233-->[androidx.privacysandbox.ads:ads-adservices:1.0.0-beta05] AndroidManifest.xml:23:9-25:40
234            android:name="android.ext.adservices"
234-->[androidx.privacysandbox.ads:ads-adservices:1.0.0-beta05] AndroidManifest.xml:24:13-50
235            android:required="false" />
235-->[androidx.privacysandbox.ads:ads-adservices:1.0.0-beta05] AndroidManifest.xml:25:13-37
236
237        <receiver
237-->[androidx.profileinstaller:profileinstaller:1.3.1] AndroidManifest.xml:34:9-52:20
238            android:name="androidx.profileinstaller.ProfileInstallReceiver"
238-->[androidx.profileinstaller:profileinstaller:1.3.1] AndroidManifest.xml:35:13-76
239            android:directBootAware="false"
239-->[androidx.profileinstaller:profileinstaller:1.3.1] AndroidManifest.xml:36:13-44
240            android:enabled="true"
240-->[androidx.profileinstaller:profileinstaller:1.3.1] AndroidManifest.xml:37:13-35
241            android:exported="true"
241-->[androidx.profileinstaller:profileinstaller:1.3.1] AndroidManifest.xml:38:13-36
242            android:permission="android.permission.DUMP" >
242-->[androidx.profileinstaller:profileinstaller:1.3.1] AndroidManifest.xml:39:13-57
243            <intent-filter>
243-->[androidx.profileinstaller:profileinstaller:1.3.1] AndroidManifest.xml:40:13-42:29
244                <action android:name="androidx.profileinstaller.action.INSTALL_PROFILE" />
244-->[androidx.profileinstaller:profileinstaller:1.3.1] AndroidManifest.xml:41:17-91
244-->[androidx.profileinstaller:profileinstaller:1.3.1] AndroidManifest.xml:41:25-88
245            </intent-filter>
246            <intent-filter>
246-->[androidx.profileinstaller:profileinstaller:1.3.1] AndroidManifest.xml:43:13-45:29
247                <action android:name="androidx.profileinstaller.action.SKIP_FILE" />
247-->[androidx.profileinstaller:profileinstaller:1.3.1] AndroidManifest.xml:44:17-85
247-->[androidx.profileinstaller:profileinstaller:1.3.1] AndroidManifest.xml:44:25-82
248            </intent-filter>
249            <intent-filter>
249-->[androidx.profileinstaller:profileinstaller:1.3.1] AndroidManifest.xml:46:13-48:29
250                <action android:name="androidx.profileinstaller.action.SAVE_PROFILE" />
250-->[androidx.profileinstaller:profileinstaller:1.3.1] AndroidManifest.xml:47:17-88
250-->[androidx.profileinstaller:profileinstaller:1.3.1] AndroidManifest.xml:47:25-85
251            </intent-filter>
252            <intent-filter>
252-->[androidx.profileinstaller:profileinstaller:1.3.1] AndroidManifest.xml:49:13-51:29
253                <action android:name="androidx.profileinstaller.action.BENCHMARK_OPERATION" />
253-->[androidx.profileinstaller:profileinstaller:1.3.1] AndroidManifest.xml:50:17-95
253-->[androidx.profileinstaller:profileinstaller:1.3.1] AndroidManifest.xml:50:25-92
254            </intent-filter>
255        </receiver>
256
257        <service
257-->[androidx.room:room-runtime:2.2.5] AndroidManifest.xml:25:9-28:40
258            android:name="androidx.room.MultiInstanceInvalidationService"
258-->[androidx.room:room-runtime:2.2.5] AndroidManifest.xml:26:13-74
259            android:directBootAware="true"
259-->[androidx.room:room-runtime:2.2.5] AndroidManifest.xml:27:13-43
260            android:exported="false" />
260-->[androidx.room:room-runtime:2.2.5] AndroidManifest.xml:28:13-37
261    </application>
262
263</manifest>